c:\users\jente\source\repos\drazorv\computergraphics\x64\release\vc142.pdb
c:\users\jente\source\repos\drazorv\computergraphics\x64\release\main.obj
c:\users\jente\source\repos\drazorv\computergraphics\x64\release\tools.obj
c:\users\jente\source\repos\drazorv\computergraphics\x64\release\texturemanager.obj
c:\users\jente\source\repos\drazorv\computergraphics\x64\release\spotlightnode.obj
c:\users\jente\source\repos\drazorv\computergraphics\x64\release\shaderprogram.obj
c:\users\jente\source\repos\drazorv\computergraphics\x64\release\renderer.obj
c:\users\jente\source\repos\drazorv\computergraphics\x64\release\objloader.obj
c:\users\jente\source\repos\drazorv\computergraphics\x64\release\geometrynode.obj
c:\users\jente\source\repos\drazorv\computergraphics\x64\release\geometricmesh.obj
c:\users\jente\source\repos\drazorv\computergraphics\x64\release\computergraphics.ipdb
c:\users\jente\source\repos\drazorv\computergraphics\x64\release\computergraphics.iobj
c:\users\jente\source\repos\drazorv\computergraphics\x64\release\computergraphics.pdb
c:\users\jente\source\repos\drazorv\computergraphics\x64\release\computergraphics.tlog\cl.command.1.tlog
c:\users\jente\source\repos\drazorv\computergraphics\x64\release\computergraphics.tlog\cl.read.1.tlog
c:\users\jente\source\repos\drazorv\computergraphics\x64\release\computergraphics.tlog\cl.write.1.tlog
c:\users\jente\source\repos\drazorv\computergraphics\x64\release\computergraphics.tlog\computergraphics.write.1u.tlog
c:\users\jente\source\repos\drazorv\computergraphics\x64\release\computergraphics.tlog\link.command.1.tlog
c:\users\jente\source\repos\drazorv\computergraphics\x64\release\computergraphics.tlog\link.read.1.tlog
c:\users\jente\source\repos\drazorv\computergraphics\x64\release\computergraphics.tlog\link.write.1.tlog
